0 info it worked if it ends with ok
1 verbose cli [ '/home/dgcabanillas/.meteor/packages/meteor-tool/.1.1.8.4qwcew++os.linux.x86_64+web.browser+web.cordova/mt-os.linux.x86_64/dev_bundle/bin/node',
1 verbose cli   '/home/dgcabanillas/.meteor/packages/meteor-tool/.1.1.8.4qwcew++os.linux.x86_64+web.browser+web.cordova/mt-os.linux.x86_64/dev_bundle/bin/npm',
1 verbose cli   'install',
1 verbose cli   'add-accounts-ui' ]
2 info using npm@1.4.28
3 info using node@v0.10.40
4 verbose cache add [ 'add-accounts-ui', null ]
5 verbose cache add name=undefined spec="add-accounts-ui" args=["add-accounts-ui",null]
6 verbose parsed url { protocol: null,
6 verbose parsed url   slashes: null,
6 verbose parsed url   auth: null,
6 verbose parsed url   host: null,
6 verbose parsed url   port: null,
6 verbose parsed url   hostname: null,
6 verbose parsed url   hash: null,
6 verbose parsed url   search: null,
6 verbose parsed url   query: null,
6 verbose parsed url   pathname: 'add-accounts-ui',
6 verbose parsed url   path: 'add-accounts-ui',
6 verbose parsed url   href: 'add-accounts-ui' }
7 silly lockFile 7454f102-add-accounts-ui add-accounts-ui
8 verbose lock add-accounts-ui /home/dgcabanillas/.meteor/packages/meteor-tool/.1.1.8.4qwcew++os.linux.x86_64+web.browser+web.cordova/mt-os.linux.x86_64/dev_bundle/.npm/7454f102-add-accounts-ui.lock
9 silly lockFile 7454f102-add-accounts-ui add-accounts-ui
10 silly lockFile 7454f102-add-accounts-ui add-accounts-ui
11 verbose addNamed [ 'add-accounts-ui', '' ]
12 verbose addNamed [ null, '*' ]
13 silly lockFile 23d901c8-add-accounts-ui add-accounts-ui@
14 verbose lock add-accounts-ui@ /home/dgcabanillas/.meteor/packages/meteor-tool/.1.1.8.4qwcew++os.linux.x86_64+web.browser+web.cordova/mt-os.linux.x86_64/dev_bundle/.npm/23d901c8-add-accounts-ui.lock
15 silly addNameRange { name: 'add-accounts-ui', range: '*', hasData: false }
16 verbose request where is /add-accounts-ui
17 verbose request registry https://registry.npmjs.org/
18 verbose request id a02c5c0758dc65c0
19 verbose url raw /add-accounts-ui
20 verbose url resolving [ 'https://registry.npmjs.org/', './add-accounts-ui' ]
21 verbose url resolved https://registry.npmjs.org/add-accounts-ui
22 verbose request where is https://registry.npmjs.org/add-accounts-ui
23 info trying registry request attempt 1 at 21:59:20
24 http GET https://registry.npmjs.org/add-accounts-ui
25 http 404 https://registry.npmjs.org/add-accounts-ui
26 silly registry.get cb [ 404,
26 silly registry.get   { 'content-type': 'application/json',
26 silly registry.get     'cache-control': 'max-age=0',
26 silly registry.get     'content-length': '2',
26 silly registry.get     'accept-ranges': 'bytes',
26 silly registry.get     date: 'Thu, 23 Feb 2017 02:59:22 GMT',
26 silly registry.get     via: '1.1 varnish',
26 silly registry.get     age: '0',
26 silly registry.get     connection: 'keep-alive',
26 silly registry.get     'x-served-by': 'cache-gru7126-GRU',
26 silly registry.get     'x-cache': 'MISS',
26 silly registry.get     'x-cache-hits': '0',
26 silly registry.get     'x-timer': 'S1487818761.761357,VS0,VE765',
26 silly registry.get     vary: 'Accept-Encoding' } ]
27 silly lockFile 23d901c8-add-accounts-ui add-accounts-ui@
28 silly lockFile 23d901c8-add-accounts-ui add-accounts-ui@
29 error 404 Not Found
29 error 404
29 error 404 'add-accounts-ui' is not in the npm registry.
29 error 404 You should bug the author to publish it
29 error 404
29 error 404 Note that you can also install from a
29 error 404 tarball, folder, or http url, or git url.
30 error System Linux 4.4.0-21-generic
31 error command "/home/dgcabanillas/.meteor/packages/meteor-tool/.1.1.8.4qwcew++os.linux.x86_64+web.browser+web.cordova/mt-os.linux.x86_64/dev_bundle/bin/node" "/home/dgcabanillas/.meteor/packages/meteor-tool/.1.1.8.4qwcew++os.linux.x86_64+web.browser+web.cordova/mt-os.linux.x86_64/dev_bundle/bin/npm" "install" "add-accounts-ui"
32 error cwd /home/dgcabanillas/Escritorio/Video4
33 error node -v v0.10.40
34 error npm -v 1.4.28
35 error code E404
36 verbose exit [ 1, true ]
